<?xml version="1.0" encoding="UTF-8"?>
<!-- Generated by org.testng.reporters.JUnitReportReporter -->
<testsuite skipped="0" hostname="ARKA" name="Log" tests="1" failures="0" timestamp="22 Jul 2019 14:18:13 GMT" time="10.989" errors="0">
  <testcase name="TC001" time="10.989" classname="Log"/>
</testsuite> <!-- Log -->
